
Circuit 1 cell sky130_fd_pr__nfet_01v8 and Circuit 2 cell sky130_fd_pr__nfet_01v8 are black boxes.
Warning: Equate pins:  cell sky130_fd_pr__nfet_01v8 is a placeholder, treated as a black box.
Warning: Equate pins:  cell sky130_fd_pr__nfet_01v8 is a placeholder, treated as a black box.

Subcircuit pins:
Circuit 1: sky130_fd_pr__nfet_01v8         |Circuit 2: sky130_fd_pr__nfet_01v8         
-------------------------------------------|-------------------------------------------
1                                          |1                                          
2                                          |2                                          
3                                          |3                                          
4                                          |4                                          
---------------------------------------------------------------------------------------
Cell pin lists are equivalent.
Device classes sky130_fd_pr__nfet_01v8 and sky130_fd_pr__nfet_01v8 are equivalent.

Circuit 1 cell sky130_fd_pr__pfet_01v8 and Circuit 2 cell sky130_fd_pr__pfet_01v8 are black boxes.
Warning: Equate pins:  cell sky130_fd_pr__pfet_01v8 is a placeholder, treated as a black box.
Warning: Equate pins:  cell sky130_fd_pr__pfet_01v8 is a placeholder, treated as a black box.

Subcircuit pins:
Circuit 1: sky130_fd_pr__pfet_01v8         |Circuit 2: sky130_fd_pr__pfet_01v8         
-------------------------------------------|-------------------------------------------
1                                          |1                                          
2                                          |2                                          
3                                          |3                                          
4                                          |4                                          
---------------------------------------------------------------------------------------
Cell pin lists are equivalent.
Device classes sky130_fd_pr__pfet_01v8 and sky130_fd_pr__pfet_01v8 are equivalent.

Subcircuit summary:
Circuit 1: vco_main_inv                    |Circuit 2: vco_main_inv                    
-------------------------------------------|-------------------------------------------
sky130_fd_pr__nfet_01v8 (1)                |sky130_fd_pr__nfet_01v8 (2->1)             
sky130_fd_pr__pfet_01v8 (1)                |sky130_fd_pr__pfet_01v8 (2->1)             
Number of devices: 2                       |Number of devices: 2                       
Number of nets: 6                          |Number of nets: 6                          
---------------------------------------------------------------------------------------
Netlists match uniquely.

Subcircuit pins:
Circuit 1: vco_main_inv                    |Circuit 2: vco_main_inv                    
-------------------------------------------|-------------------------------------------
VPWR                                       |VPWR                                       
VCCA                                       |VCCA                                       
VGND                                       |VGND                                       
GND                                        |GND                                        
A                                          |A                                          
Y                                          |Y                                          
---------------------------------------------------------------------------------------
Cell pin lists are equivalent.
Device classes vco_main_inv and vco_main_inv are equivalent.

Subcircuit summary:
Circuit 1: vco_aux_inv                     |Circuit 2: vco_aux_inv                     
-------------------------------------------|-------------------------------------------
sky130_fd_pr__nfet_01v8 (1)                |sky130_fd_pr__nfet_01v8 (1)                
sky130_fd_pr__pfet_01v8 (1)                |sky130_fd_pr__pfet_01v8 (1)                
Number of devices: 2                       |Number of devices: 2                       
Number of nets: 6                          |Number of nets: 6                          
---------------------------------------------------------------------------------------
Netlists match uniquely.

Subcircuit pins:
Circuit 1: vco_aux_inv                     |Circuit 2: vco_aux_inv                     
-------------------------------------------|-------------------------------------------
VPWR                                       |VPWR                                       
VCCA                                       |VCCA                                       
VGND                                       |VGND                                       
GND                                        |GND                                        
Y                                          |Y                                          
A                                          |A                                          
---------------------------------------------------------------------------------------
Cell pin lists are equivalent.
Device classes vco_aux_inv and vco_aux_inv are equivalent.

Subcircuit summary:
Circuit 1: vco_cc_inv                      |Circuit 2: vco_cc_inv                      
-------------------------------------------|-------------------------------------------
vco_main_inv (2)                           |vco_main_inv (2)                           
vco_aux_inv (2)                            |vco_aux_inv (2)                            
Number of devices: 4                       |Number of devices: 4                       
Number of nets: 8                          |Number of nets: 8                          
---------------------------------------------------------------------------------------
Resolving symmetries by property value.
Resolving symmetries by pin name.
Netlists match uniquely.

Subcircuit pins:
Circuit 1: vco_cc_inv                      |Circuit 2: vco_cc_inv                      
-------------------------------------------|-------------------------------------------
inn                                        |inn                                        
inp                                        |inp                                        
outn                                       |outn                                       
outp                                       |outp                                       
VPWR                                       |VPWR                                       
VGND                                       |VGND                                       
VCCA                                       |VCCA                                       
GND                                        |GND                                        
---------------------------------------------------------------------------------------
Cell pin lists are equivalent.
Device classes vco_cc_inv and vco_cc_inv are equivalent.

Final result: Circuits match uniquely.
.
